<?xml version="1.0" encoding="UTF-8"?>
<!-- Generated by org.testng.reporters.JUnitReportReporter -->
<testsuite hostname="coducer-HP-240-G8-Notebook-PC" failures="0" tests="5" name="Runner.TestRunner" time="0.157" errors="5" timestamp="2024-03-24T10:11:53 IST" skipped="0">
  <testcase classname="Runner.TestRunner" name="runScenario" time="0.013">
    <error message="Cannot invoke &quot;org.openqa.selenium.WebDriver.findElement(org.openqa.selenium.By)&quot; because &quot;this.driver&quot; is null" type="java.lang.NullPointerException">
      <![CDATA[java.lang.NullPointerException: Cannot invoke "org.openqa.selenium.WebDriver.findElement(org.openqa.selenium.By)" because "this.driver" is null
at Stepdefinitions.Signin.user_enters_valid_email_address(Signin.java:62)
at ✽.User enters valid email address "panneerselvam1009@coducer.com"(file:///home/coducer/Jofin_Cucumber/Jofin/src/test/java/Features/Signin.feature:26)
]]>
    </error>
  </testcase> <!-- runScenario -->
  <testcase classname="Runner.TestRunner" name="runScenario" time="0.097">
    <error message="Cannot invoke &quot;org.openqa.selenium.WebDriver.findElement(org.openqa.selenium.By)&quot; because &quot;this.driver&quot; is null" type="java.lang.NullPointerException">
      <![CDATA[java.lang.NullPointerException: Cannot invoke "org.openqa.selenium.WebDriver.findElement(org.openqa.selenium.By)" because "this.driver" is null
at Stepdefinitions.Signin.user_enters_valid_email_address(Signin.java:62)
at ✽.User enters valid email address panneerselvam1009@coducer.com(file:///home/coducer/Jofin_Cucumber/Jofin/src/test/java/Features/Signin.feature:8)
]]>
    </error>
  </testcase> <!-- runScenario -->
  <testcase classname="Runner.TestRunner" name="runScenario" time="0.017">
    <error message="Cannot invoke &quot;org.openqa.selenium.WebDriver.findElement(org.openqa.selenium.By)&quot; because &quot;this.driver&quot; is null" type="java.lang.NullPointerException">
      <![CDATA[java.lang.NullPointerException: Cannot invoke "org.openqa.selenium.WebDriver.findElement(org.openqa.selenium.By)" because "this.driver" is null
at Stepdefinitions.Signin.user_enters_invalid_email_address(Signin.java:100)
at ✽.User enters invalid email address "panneerselva@coducer.c"(file:///home/coducer/Jofin_Cucumber/Jofin/src/test/java/Features/Signin.feature:19)
]]>
    </error>
  </testcase> <!-- runScenario -->
  <testcase classname="Runner.TestRunner" name="runScenario" time="0.016">
    <error message="Cannot invoke &quot;org.openqa.selenium.WebDriver.findElement(org.openqa.selenium.By)&quot; because &quot;this.driver&quot; is null" type="java.lang.NullPointerException">
      <![CDATA[java.lang.NullPointerException: Cannot invoke "org.openqa.selenium.WebDriver.findElement(org.openqa.selenium.By)" because "this.driver" is null
at Stepdefinitions.Signin.user_enters_valid_email_address(Signin.java:62)
at ✽.User enters valid email address "panneerselva@coducer.com"(file:///home/coducer/Jofin_Cucumber/Jofin/src/test/java/Features/Signin.feature:33)
]]>
    </error>
  </testcase> <!-- runScenario -->
  <testcase classname="Runner.TestRunner" name="runScenario" time="0.014">
    <error message="Cannot invoke &quot;org.openqa.selenium.WebDriver.findElement(org.openqa.selenium.By)&quot; because &quot;driver&quot; is null" type="java.lang.NullPointerException">
      <![CDATA[java.lang.NullPointerException: Cannot invoke "org.openqa.selenium.WebDriver.findElement(org.openqa.selenium.By)" because "driver" is null
at org.openqa.selenium.support.ui.ExpectedConditions$7.apply(ExpectedConditions.java:194)
at org.openqa.selenium.support.ui.ExpectedConditions$7.apply(ExpectedConditions.java:190)
at org.openqa.selenium.support.ui.FluentWait.until(FluentWait.java:203)
at Stepdefinitions.Signin.user_dont_enter_any_credentials(Signin.java:123)
at ✽.User dont enter any credentials(file:///home/coducer/Jofin_Cucumber/Jofin/src/test/java/Features/Signin.feature:40)
]]>
    </error>
  </testcase> <!-- runScenario -->
</testsuite> <!-- Runner.TestRunner -->
